[2015-03-12 12:08:00] request.ERROR: Uncaught PHP Exception Symfony\Component\HttpKernel\Exception\NotFoundHttpException: "No route found for "GET /" (from "http://localhost/restoencasa/web/")" at D:\Proyectos\restoencasa\vendor\symfony\symfony\src\Symfony\Component\HttpKernel\EventListener\RouterListener.php line 145 {"exception":"[object] (Symfony\\Component\\HttpKernel\\Exception\\NotFoundHttpException: No route found for \"GET /\" (from \"http://localhost/restoencasa/web/\") at D:\\Proyectos\\restoencasa\\vendor\\symfony\\symfony\\src\\Symfony\\Component\\HttpKernel\\EventListener\\RouterListener.php:145, Symfony\\Component\\Routing\\Exception\\ResourceNotFoundException:  at D:\\Proyectos\\restoencasa\\app\\cache\\prod\\appProdUrlMatcher.php:32)"} []
[2015-03-26 16:57:36] request.INFO: Matched route "categoria" (parameters: "_controller": "App\Bundle\BackendBundle\Controller\CategoriaController::indexAction", "_route": "categoria") [] []
[2015-03-26 16:57:36] event.DEBUG: Notified event "kernel.request" to listener "Symfony\Component\HttpKernel\EventListener\ErrorsLoggerListener::injectLogger". [] []
[2015-03-26 16:57:36] event.DEBUG: Notified event "kernel.request" to listener "Symfony\Component\HttpKernel\EventListener\ErrorsLoggerListener::injectLogger". [] []
[2015-03-26 16:57:36] event.DEBUG: Notified event "kernel.request" to listener "Symfony\Component\HttpKernel\EventListener\ErrorsLoggerListener::injectLogger". [] []
[2015-03-26 16:57:36] event.DEBUG: Notified event "kernel.request" to listener "Symfony\Component\HttpKernel\EventListener\DebugHandlersListener::configure". [] []
[2015-03-26 16:57:36] event.DEBUG: Notified event "kernel.request" to listener "Symfony\Bundle\FrameworkBundle\EventListener\SessionListener::onKernelRequest". [] []
[2015-03-26 16:57:36] event.DEBUG: Notified event "kernel.request" to listener "Symfony\Component\HttpKernel\EventListener\FragmentListener::onKernelRequest". [] []
[2015-03-26 16:57:36] event.DEBUG: Notified event "kernel.request" to listener "Symfony\Component\HttpKernel\EventListener\RouterListener::onKernelRequest". [] []
[2015-03-26 16:57:36] event.DEBUG: Notified event "kernel.request" to listener "Symfony\Component\HttpKernel\EventListener\LocaleListener::onKernelRequest". [] []
[2015-03-26 16:57:36] event.DEBUG: Notified event "kernel.request" to listener "Symfony\Component\Security\Http\Firewall::onKernelRequest". [] []
[2015-03-26 16:57:36] event.DEBUG: Notified event "kernel.controller" to listener "Sensio\Bundle\FrameworkExtraBundle\EventListener\ControllerListener::onKernelController". [] []
[2015-03-26 16:57:36] event.DEBUG: Notified event "kernel.controller" to listener "Sensio\Bundle\FrameworkExtraBundle\EventListener\ParamConverterListener::onKernelController". [] []
[2015-03-26 16:57:36] event.DEBUG: Notified event "kernel.controller" to listener "Sensio\Bundle\FrameworkExtraBundle\EventListener\HttpCacheListener::onKernelController". [] []
[2015-03-26 16:57:36] event.DEBUG: Notified event "kernel.controller" to listener "Sensio\Bundle\FrameworkExtraBundle\EventListener\SecurityListener::onKernelController". [] []
[2015-03-26 16:57:36] event.DEBUG: Notified event "kernel.controller" to listener "Sensio\Bundle\FrameworkExtraBundle\EventListener\TemplateListener::onKernelController". [] []
[2015-03-26 16:57:37] doctrine.DEBUG: SELECT t0.id AS id1, t0.descripcion AS descripcion2, t0.activo AS activo3, t0.fch_create AS fch_create4, t0.usr_create AS usr_create5, t0.fch_update AS fch_update6, t0.usr_update AS usr_update7 FROM Categoria t0 [] []
[2015-03-26 16:57:37] request.CRITICAL: Uncaught PHP Exception Doctrine\DBAL\Exception\TableNotFoundException: "An exception occurred while executing 'SELECT t0.id AS id1, t0.descripcion AS descripcion2, t0.activo AS activo3, t0.fch_create AS fch_create4, t0.usr_create AS usr_create5, t0.fch_update AS fch_update6, t0.usr_update AS usr_update7 FROM Categoria t0':  SQLSTATE[42S02]: Base table or view not found: 1146 Table 'movibidi_lograrme.Categoria' doesn't exist" at D:\Proyectos\lograrme\admin\vendor\doctrine\dbal\lib\Doctrine\DBAL\Driver\AbstractMySQLDriver.php line 53 {"exception":"[object] (Doctrine\\DBAL\\Exception\\TableNotFoundException(code: 0): An exception occurred while executing 'SELECT t0.id AS id1, t0.descripcion AS descripcion2, t0.activo AS activo3, t0.fch_create AS fch_create4, t0.usr_create AS usr_create5, t0.fch_update AS fch_update6, t0.usr_update AS usr_update7 FROM Categoria t0':\n\nSQLSTATE[42S02]: Base table or view not found: 1146 Table 'movibidi_lograrme.Categoria' doesn't exist at D:\\Proyectos\\lograrme\\admin\\vendor\\doctrine\\dbal\\lib\\Doctrine\\DBAL\\Driver\\AbstractMySQLDriver.php:53, Doctrine\\DBAL\\Driver\\PDOException(code: 42S02): SQLSTATE[42S02]: Base table or view not found: 1146 Table 'movibidi_lograrme.Categoria' doesn't exist at D:\\Proyectos\\lograrme\\admin\\vendor\\doctrine\\dbal\\lib\\Doctrine\\DBAL\\Driver\\PDOConnection.php:106, PDOException(code: 42S02): SQLSTATE[42S02]: Base table or view not found: 1146 Table 'movibidi_lograrme.Categoria' doesn't exist at D:\\Proyectos\\lograrme\\admin\\vendor\\doctrine\\dbal\\lib\\Doctrine\\DBAL\\Driver\\PDOConnection.php:104)"} []
[2015-03-26 16:57:37] event.DEBUG: Notified event "kernel.request" to listener "Symfony\Component\HttpKernel\EventListener\ErrorsLoggerListener::injectLogger". [] []
[2015-03-26 16:57:37] event.DEBUG: Notified event "kernel.request" to listener "Symfony\Component\HttpKernel\EventListener\ErrorsLoggerListener::injectLogger". [] []
[2015-03-26 16:57:37] event.DEBUG: Notified event "kernel.request" to listener "Symfony\Component\HttpKernel\EventListener\ErrorsLoggerListener::injectLogger". [] []
[2015-03-26 16:57:37] event.DEBUG: Notified event "kernel.request" to listener "Symfony\Component\HttpKernel\EventListener\DebugHandlersListener::configure". [] []
[2015-03-26 16:57:37] event.DEBUG: Notified event "kernel.request" to listener "Symfony\Bundle\FrameworkBundle\EventListener\SessionListener::onKernelRequest". [] []
[2015-03-26 16:57:37] event.DEBUG: Notified event "kernel.request" to listener "Symfony\Component\HttpKernel\EventListener\FragmentListener::onKernelRequest". [] []
[2015-03-26 16:57:37] event.DEBUG: Notified event "kernel.request" to listener "Symfony\Component\HttpKernel\EventListener\RouterListener::onKernelRequest". [] []
[2015-03-26 16:57:37] event.DEBUG: Notified event "kernel.request" to listener "Symfony\Component\HttpKernel\EventListener\LocaleListener::onKernelRequest". [] []
[2015-03-26 16:57:37] event.DEBUG: Notified event "kernel.request" to listener "Symfony\Component\Security\Http\Firewall::onKernelRequest". [] []
[2015-03-26 16:57:37] event.DEBUG: Notified event "kernel.controller" to listener "Sensio\Bundle\FrameworkExtraBundle\EventListener\ControllerListener::onKernelController". [] []
[2015-03-26 16:57:37] event.DEBUG: Notified event "kernel.controller" to listener "Sensio\Bundle\FrameworkExtraBundle\EventListener\ParamConverterListener::onKernelController". [] []
[2015-03-26 16:57:37] event.DEBUG: Notified event "kernel.controller" to listener "Sensio\Bundle\FrameworkExtraBundle\EventListener\HttpCacheListener::onKernelController". [] []
[2015-03-26 16:57:37] event.DEBUG: Notified event "kernel.controller" to listener "Sensio\Bundle\FrameworkExtraBundle\EventListener\SecurityListener::onKernelController". [] []
[2015-03-26 16:57:37] event.DEBUG: Notified event "kernel.controller" to listener "Sensio\Bundle\FrameworkExtraBundle\EventListener\TemplateListener::onKernelController". [] []
[2015-03-26 16:57:38] event.DEBUG: Notified event "kernel.response" to listener "Symfony\Component\HttpKernel\EventListener\ResponseListener::onKernelResponse". [] []
[2015-03-26 16:57:38] event.DEBUG: Notified event "kernel.response" to listener "Symfony\Component\Security\Http\RememberMe\ResponseListener::onKernelResponse". [] []
[2015-03-26 16:57:38] event.DEBUG: Notified event "kernel.response" to listener "Sensio\Bundle\FrameworkExtraBundle\EventListener\HttpCacheListener::onKernelResponse". [] []
[2015-03-26 16:57:38] event.DEBUG: Notified event "kernel.response" to listener "Symfony\Component\HttpKernel\EventListener\SaveSessionListener::onKernelResponse". [] []
[2015-03-26 16:57:38] event.DEBUG: Notified event "kernel.response" to listener "Symfony\Component\HttpKernel\EventListener\StreamedResponseListener::onKernelResponse". [] []
[2015-03-26 16:57:38] event.DEBUG: Notified event "kernel.finish_request" to listener "Symfony\Component\HttpKernel\EventListener\LocaleListener::onKernelFinishRequest". [] []
[2015-03-26 16:57:38] event.DEBUG: Notified event "kernel.finish_request" to listener "Symfony\Component\HttpKernel\EventListener\RouterListener::onKernelFinishRequest". [] []
[2015-03-26 16:57:38] event.DEBUG: Notified event "kernel.finish_request" to listener "Symfony\Component\Security\Http\Firewall::onKernelFinishRequest". [] []
[2015-03-26 16:57:38] event.DEBUG: Notified event "kernel.exception" to listener "Symfony\Component\HttpKernel\EventListener\ExceptionListener::onKernelException". [] []
[2015-03-26 16:57:38] event.DEBUG: Listener "Symfony\Component\HttpKernel\EventListener\ExceptionListener::onKernelException" stopped propagation of the event "kernel.exception". [] []
[2015-03-26 16:57:38] event.DEBUG: Notified event "kernel.response" to listener "Symfony\Component\HttpKernel\EventListener\ResponseListener::onKernelResponse". [] []
[2015-03-26 16:57:38] event.DEBUG: Notified event "kernel.response" to listener "Symfony\Component\Security\Http\RememberMe\ResponseListener::onKernelResponse". [] []
[2015-03-26 16:57:38] event.DEBUG: Notified event "kernel.response" to listener "Sensio\Bundle\FrameworkExtraBundle\EventListener\HttpCacheListener::onKernelResponse". [] []
[2015-03-26 16:57:38] event.DEBUG: Notified event "kernel.response" to listener "Symfony\Component\HttpKernel\EventListener\SaveSessionListener::onKernelResponse". [] []
[2015-03-26 16:57:38] event.DEBUG: Notified event "kernel.response" to listener "Symfony\Component\HttpKernel\EventListener\StreamedResponseListener::onKernelResponse". [] []
[2015-03-26 16:57:38] event.DEBUG: Notified event "kernel.finish_request" to listener "Symfony\Component\HttpKernel\EventListener\LocaleListener::onKernelFinishRequest". [] []
[2015-03-26 16:57:38] event.DEBUG: Notified event "kernel.finish_request" to listener "Symfony\Component\HttpKernel\EventListener\RouterListener::onKernelFinishRequest". [] []
[2015-03-26 16:57:38] event.DEBUG: Notified event "kernel.finish_request" to listener "Symfony\Component\Security\Http\Firewall::onKernelFinishRequest". [] []
[2015-03-26 16:57:38] event.DEBUG: Notified event "kernel.terminate" to listener "Symfony\Bundle\SwiftmailerBundle\EventListener\EmailSenderListener::onTerminate". [] []
[2015-03-26 16:58:02] request.ERROR: Uncaught PHP Exception Symfony\Component\HttpKernel\Exception\NotFoundHttpException: "No route found for "GET /categoria/bundles/backend/dist/img/user2-160x160.jpg" (from "http://localhost/lograrme/admin/web/app.php/categoria/")" at D:\Proyectos\lograrme\admin\app\cache\prod\classes.php line 2379 {"exception":"[object] (Symfony\\Component\\HttpKernel\\Exception\\NotFoundHttpException(code: 0): No route found for \"GET /categoria/bundles/backend/dist/img/user2-160x160.jpg\" (from \"http://localhost/lograrme/admin/web/app.php/categoria/\") at D:\\Proyectos\\lograrme\\admin\\app\\cache\\prod\\classes.php:2379, Symfony\\Component\\Routing\\Exception\\ResourceNotFoundException(code: 0):  at D:\\Proyectos\\lograrme\\admin\\app\\cache\\prod\\appProdUrlMatcher.php:99)"} []
[2015-03-26 16:58:02] event.DEBUG: Notified event "kernel.request" to listener "Symfony\Component\EventDispatcher\Debug\WrappedListener::__invoke". [] []
[2015-03-26 16:58:02] event.DEBUG: Notified event "kernel.request" to listener "Symfony\Component\EventDispatcher\Debug\WrappedListener::__invoke". [] []
[2015-03-26 16:58:02] event.DEBUG: Notified event "kernel.request" to listener "Symfony\Component\EventDispatcher\Debug\WrappedListener::__invoke". [] []
[2015-03-26 16:58:02] event.DEBUG: Notified event "kernel.request" to listener "Symfony\Component\EventDispatcher\Debug\WrappedListener::__invoke". [] []
[2015-03-26 16:58:02] event.DEBUG: Notified event "kernel.request" to listener "Symfony\Component\EventDispatcher\Debug\WrappedListener::__invoke". [] []
[2015-03-26 16:58:02] event.DEBUG: Notified event "kernel.request" to listener "Symfony\Component\EventDispatcher\Debug\WrappedListener::__invoke". [] []
[2015-03-26 16:58:02] event.DEBUG: Notified event "kernel.request" to listener "Symfony\Component\EventDispatcher\Debug\WrappedListener::__invoke". [] []
[2015-03-26 16:58:02] event.DEBUG: Notified event "kernel.request" to listener "Symfony\Component\EventDispatcher\Debug\WrappedListener::__invoke". [] []
[2015-03-26 16:58:02] event.DEBUG: Notified event "kernel.request" to listener "Symfony\Component\EventDispatcher\Debug\WrappedListener::__invoke". [] []
[2015-03-26 16:58:02] event.DEBUG: Notified event "kernel.controller" to listener "Sensio\Bundle\FrameworkExtraBundle\EventListener\ControllerListener::onKernelController". [] []
[2015-03-26 16:58:02] event.DEBUG: Notified event "kernel.controller" to listener "Sensio\Bundle\FrameworkExtraBundle\EventListener\ParamConverterListener::onKernelController". [] []
[2015-03-26 16:58:02] event.DEBUG: Notified event "kernel.controller" to listener "Sensio\Bundle\FrameworkExtraBundle\EventListener\HttpCacheListener::onKernelController". [] []
[2015-03-26 16:58:02] event.DEBUG: Notified event "kernel.controller" to listener "Sensio\Bundle\FrameworkExtraBundle\EventListener\SecurityListener::onKernelController". [] []
[2015-03-26 16:58:02] event.DEBUG: Notified event "kernel.controller" to listener "Sensio\Bundle\FrameworkExtraBundle\EventListener\TemplateListener::onKernelController". [] []
[2015-03-26 16:58:03] event.DEBUG: Notified event "kernel.response" to listener "Symfony\Component\HttpKernel\EventListener\ResponseListener::onKernelResponse". [] []
[2015-03-26 16:58:03] event.DEBUG: Notified event "kernel.response" to listener "Symfony\Component\Security\Http\RememberMe\ResponseListener::onKernelResponse". [] []
[2015-03-26 16:58:03] event.DEBUG: Notified event "kernel.response" to listener "Sensio\Bundle\FrameworkExtraBundle\EventListener\HttpCacheListener::onKernelResponse". [] []
[2015-03-26 16:58:03] event.DEBUG: Notified event "kernel.response" to listener "Symfony\Component\HttpKernel\EventListener\SaveSessionListener::onKernelResponse". [] []
[2015-03-26 16:58:03] event.DEBUG: Notified event "kernel.response" to listener "Symfony\Component\HttpKernel\EventListener\StreamedResponseListener::onKernelResponse". [] []
[2015-03-26 16:58:03] event.DEBUG: Notified event "kernel.finish_request" to listener "Symfony\Component\HttpKernel\EventListener\LocaleListener::onKernelFinishRequest". [] []
[2015-03-26 16:58:03] event.DEBUG: Notified event "kernel.finish_request" to listener "Symfony\Component\HttpKernel\EventListener\RouterListener::onKernelFinishRequest". [] []
[2015-03-26 16:58:03] event.DEBUG: Notified event "kernel.finish_request" to listener "Symfony\Component\Security\Http\Firewall::onKernelFinishRequest". [] []
[2015-03-26 16:58:03] event.DEBUG: Notified event "kernel.exception" to listener "Symfony\Component\HttpKernel\EventListener\ExceptionListener::onKernelException". [] []
[2015-03-26 16:58:03] event.DEBUG: Listener "Symfony\Component\HttpKernel\EventListener\ExceptionListener::onKernelException" stopped propagation of the event "kernel.exception". [] []
[2015-03-26 16:58:03] event.DEBUG: Notified event "kernel.response" to listener "Symfony\Component\HttpKernel\EventListener\ResponseListener::onKernelResponse". [] []
[2015-03-26 16:58:03] event.DEBUG: Notified event "kernel.response" to listener "Symfony\Component\Security\Http\RememberMe\ResponseListener::onKernelResponse". [] []
[2015-03-26 16:58:03] event.DEBUG: Notified event "kernel.response" to listener "Sensio\Bundle\FrameworkExtraBundle\EventListener\HttpCacheListener::onKernelResponse". [] []
[2015-03-26 16:58:03] event.DEBUG: Notified event "kernel.response" to listener "Symfony\Component\HttpKernel\EventListener\SaveSessionListener::onKernelResponse". [] []
[2015-03-26 16:58:03] event.DEBUG: Notified event "kernel.response" to listener "Symfony\Component\HttpKernel\EventListener\StreamedResponseListener::onKernelResponse". [] []
[2015-03-26 16:58:03] event.DEBUG: Notified event "kernel.finish_request" to listener "Symfony\Component\HttpKernel\EventListener\LocaleListener::onKernelFinishRequest". [] []
[2015-03-26 16:58:03] event.DEBUG: Notified event "kernel.finish_request" to listener "Symfony\Component\HttpKernel\EventListener\RouterListener::onKernelFinishRequest". [] []
[2015-03-26 16:58:03] event.DEBUG: Notified event "kernel.finish_request" to listener "Symfony\Component\Security\Http\Firewall::onKernelFinishRequest". [] []
[2015-03-26 16:58:03] event.DEBUG: Notified event "kernel.terminate" to listener "Symfony\Bundle\SwiftmailerBundle\EventListener\EmailSenderListener::onTerminate". [] []
